\BOOKMARK [0][]{section*.1}{\376\377\000A\000C\000K\000N\000O\000W\000L\000E\000D\000G\000M\000E\000N\000T\000S}{}% 1
\BOOKMARK [0][]{section*.2}{\376\377\000A\000B\000S\000T\000R\000A\000C\000T}{}% 2
\BOOKMARK [0][]{toc.0}{\376\377\000T\000A\000B\000L\000E\000\040\000O\000F\000\040\000C\000O\000N\000T\000E\000N\000T\000S}{}% 3
\BOOKMARK [0][]{section*.3}{\376\377\000L\000I\000S\000T\000\040\000O\000F\000\040\000T\000A\000B\000L\000E\000S}{}% 4
\BOOKMARK [0][]{section*.4}{\376\377\000L\000I\000S\000T\000\040\000O\000F\000\040\000F\000I\000G\000U\000R\000E\000S}{}% 5
\BOOKMARK [0][]{section*.5}{\376\377\000L\000I\000S\000T\000\040\000O\000F\000\040\000A\000B\000B\000R\000E\000V\000I\000A\000T\000I\000O\000N\000S}{}% 6
\BOOKMARK [0][]{chapter.1}{\376\377\0001\000\040\000B\000A\000S\000I\000C\000\040\000E\000D\000I\000T\000I\000N\000G}{}% 7
\BOOKMARK [1][]{section.1.1}{\376\377\0001\000.\0001\000\040\000U\000s\000i\000n\000g\000\040\000t\000h\000i\000s\000\040\000t\000e\000m\000p\000l\000a\000t\000e}{chapter.1}% 8
\BOOKMARK [1][]{section.1.2}{\376\377\0001\000.\0002\000\040\000T\000e\000x\000t\000\040\000E\000d\000i\000t\000i\000n\000g}{chapter.1}% 9
\BOOKMARK [1][]{section.1.3}{\376\377\0001\000.\0003\000\040\000T\000h\000e\000\040\000O\000U\000T\000h\000e\000s\000i\000s\000.\000t\000e\000x\000\040\000F\000i\000l\000e}{chapter.1}% 10
\BOOKMARK [1][]{section.1.4}{\376\377\0001\000.\0004\000\040\000E\000q\000u\000a\000t\000i\000o\000n\000s}{chapter.1}% 11
\BOOKMARK [1][]{section.1.5}{\376\377\0001\000.\0005\000\040\000Q\000u\000o\000t\000a\000t\000i\000o\000n\000s}{chapter.1}% 12
\BOOKMARK [1][]{section.1.6}{\376\377\0001\000.\0006\000\040\000A\000c\000r\000o\000n\000y\000m\000s}{chapter.1}% 13
\BOOKMARK [0][]{chapter.2}{\376\377\0002\000\040\000B\000A\000C\000K\000G\000R\000O\000U\000N\000D}{}% 14
\BOOKMARK [1][]{section.2.1}{\376\377\0002\000.\0001\000\040\000U\000s\000i\000n\000g\000\040\000t\000h\000i\000s\000\040\000t\000e\000m\000p\000l\000a\000t\000e}{chapter.2}% 15
\BOOKMARK [1][]{section.2.2}{\376\377\0002\000.\0002\000\040\000F\000i\000g\000u\000r\000e\000s}{chapter.2}% 16
\BOOKMARK [1][]{section.2.3}{\376\377\0002\000.\0003\000\040\000C\000o\000d\000e\000\040\000F\000i\000g\000u\000r\000e\000s}{chapter.2}% 17
\BOOKMARK [1][]{section.2.4}{\376\377\0002\000.\0004\000\040\000T\000a\000b\000l\000e\000s}{chapter.2}% 18
\BOOKMARK [0][]{chapter.3}{\376\377\0003\000\040\000C\000I\000T\000A\000T\000I\000O\000N\000S}{}% 19
\BOOKMARK [1][]{section.3.1}{\376\377\0003\000.\0001\000\040\000B\000i\000b\000t\000e\000x}{chapter.3}% 20
\BOOKMARK [1][]{section.3.2}{\376\377\0003\000.\0002\000\040\000C\000i\000t\000a\000t\000i\000o\000n\000s}{chapter.3}% 21
\BOOKMARK [1][]{section*.9}{\376\377\000[\0000\000.\0003\000i\000n\000]\000[\000l\000]\000A\000.\000\040\000E\000x\000a\000m\000p\000l\000e\000\040\000A\000p\000p\000e\000n\000d\000i\000x}{chapter.3}% 22
